<tr><th>process</th><th>class name</th><th>method signature</th><th>total branches</th><th>covered branches</th><th>coverage</th></tr>
<tr><td>pixelrush.xphonefree(2016)</td><td>c/a/a/a/ab</td><td>c.()Z</td><td>4</td><td>3</td><td>75.0%</td></tr>
<tr><td>pixelrush.xphonefree(2016)</td><td>c/a/a/a/ab</td><td>i.()Z</td><td>6</td><td>3</td><td>50.0%</td></tr>
<tr><td>pixelrush.xphonefree(2016)</td><td>c/a/a/a/ab</td><td>g.()Z</td><td>4</td><td>1</td><td>25.0%</td></tr>
<tr><td>pixelrush.xphonefree(2016)</td><td>c/a/a/a/ab</td><td>e.()Z</td><td>4</td><td>1</td><td>25.0%</td></tr>
<tr><td>pixelrush.xphonefree(2016)</td><td>c/a/a/a/ab</td><td>b.()Z</td><td>4</td><td>3</td><td>75.0%</td></tr>
<tr><td>pixelrush.xphonefree(2016)</td><td>c/a/a/a/ab</td><td>().(w;cf;Map;cf;)V</td><td>6</td><td>2</td><td>33.33%</td></tr>
<tr><td>pixelrush.xphonefree(2016)</td><td>c/a/a/a/ab</td><td>h.()Z</td><td>4</td><td>1</td><td>25.0%</td></tr>
<tr><td>pixelrush.xphonefree(2016)</td><td>c/a/a/a/ab</td><td>j.()Z</td><td>6</td><td>3</td><td>50.0%</td></tr>
<tr><td>pixelrush.xphonefree(2016)</td><td>c/a/a/a/aa</td><td>a.(Uri;)V</td><td>2</td><td>1</td><td>50.0%</td></tr>
<tr><td>pixelrush.xphonefree(2016)</td><td>pixelrush/xphonefree/c/d/b</td><td>a.(II)V</td><td>10</td><td>3</td><td>30.0%</td></tr>
<tr><td>pixelrush.xphonefree(2016)</td><td>pixelrush/xphonefree/c/d/b</td><td>a.(ax;Z)V</td><td>24</td><td>1</td><td>4.16%</td></tr>
<tr><td>pixelrush.xphonefree(2016)</td><td>pixelrush/xphonefree/c/d/b</td><td>a.(Z)V</td><td>2</td><td>1</td><td>50.0%</td></tr>
<tr><td>pixelrush.xphonefree(2016)</td><td>pixelrush/xphonefree/a/l</td><td>a.()V</td><td>64</td><td>7</td><td>10.93%</td></tr>
<tr><td>pixelrush.xphonefree(2016)</td><td>pixelrush/xphonefree/a/l</td><td>a.(SharedPreferences$Editor;)V</td><td>8</td><td>4</td><td>50.0%</td></tr>
<tr><td>pixelrush.xphonefree(2016)</td><td>pixelrush/xphonefree/a/l</td><td>a.(SharedPreferences;)V</td><td>14</td><td>5</td><td>35.71%</td></tr>
<tr><td>pixelrush.xphonefree(2016)</td><td>pixelrush/xphonefree/a/s</td><td>a.(x;)I</td><td>7</td><td>7</td><td>100.0%</td></tr>
<tr><td>pixelrush.xphonefree(2016)</td><td>pixelrush/xphonefree/a/s</td><td>update.(Observable;Object;)V</td><td>10</td><td>3</td><td>30.0%</td></tr>
<tr><td>pixelrush.xphonefree(2016)</td><td>pixelrush/xphonefree/a/s</td><td>a.(SharedPreferences$Editor;)V</td><td>2</td><td>2</td><td>100.0%</td></tr>
<tr><td>pixelrush.xphonefree(2016)</td><td>pixelrush/xphonefree/a/s</td><td>f.(I)Z</td><td>2</td><td>1</td><td>50.0%</td></tr>
<tr><td>pixelrush.xphonefree(2016)</td><td>pixelrush/xphonefree/a/s</td><td>b.()V</td><td>2</td><td>1</td><td>50.0%</td></tr>
<tr><td>pixelrush.xphonefree(2016)</td><td>pixelrush/xphonefree/a/s</td><td>r.()V</td><td>20</td><td>7</td><td>35.0%</td></tr>
<tr><td>pixelrush.xphonefree(2016)</td><td>pixelrush/xphonefree/a/s</td><td>i.()I</td><td>2</td><td>1</td><td>50.0%</td></tr>
<tr><td>pixelrush.xphonefree(2016)</td><td>pixelrush/xphonefree/a/s</td><td>q.()ArrayList;</td><td>8</td><td>6</td><td>75.0%</td></tr>
<tr><td>pixelrush.xphonefree(2016)</td><td>pixelrush/xphonefree/a/s</td><td>a.(aa;)ab;</td><td>8</td><td>1</td><td>12.5%</td></tr>
<tr><td>pixelrush.xphonefree(2016)</td><td>pixelrush/xphonefree/a/s</td><td>e.(I)aa;</td><td>4</td><td>2</td><td>50.0%</td></tr>
<tr><td>pixelrush.xphonefree(2016)</td><td>pixelrush/xphonefree/a/s</td><td>a.(cb;)V</td><td>4</td><td>3</td><td>75.0%</td></tr>
<tr><td>pixelrush.xphonefree(2016)</td><td>pixelrush/xphonefree/a/s</td><td>a.(Set;)V</td><td>16</td><td>3</td><td>18.75%</td></tr>
<tr><td>pixelrush.xphonefree(2016)</td><td>pixelrush/xphonefree/XPhoneApp</td><td>onCreate.()V</td><td>4</td><td>2</td><td>50.0%</td></tr>
<tr><td>pixelrush.xphonefree(2016)</td><td>pixelrush/xphonefree/XPhoneApp</td><td>a.(Z)V</td><td>8</td><td>4</td><td>50.0%</td></tr>
<tr><td>pixelrush.xphonefree(2016)</td><td>pixelrush/xphonefree/c/a/x</td><td>onDraw.(Canvas;)V</td><td>4</td><td>2</td><td>50.0%</td></tr>
<tr><td>pixelrush.xphonefree(2016)</td><td>pixelrush/xphonefree/c/a/x</td><td>a.(Z)I</td><td>10</td><td>6</td><td>60.0%</td></tr>
<tr><td>pixelrush.xphonefree(2016)</td><td>pixelrush/xphonefree/a/az</td><td>t.()V</td><td>26</td><td>12</td><td>46.15%</td></tr>
<tr><td>pixelrush.xphonefree(2016)</td><td>pixelrush/xphonefree/a/az</td><td>c.(String;Z)Z</td><td>8</td><td>2</td><td>25.0%</td></tr>
<tr><td>pixelrush.xphonefree(2016)</td><td>pixelrush/xphonefree/a/az</td><td>d.(Z)V</td><td>6</td><td>3</td><td>50.0%</td></tr>
<tr><td>pixelrush.xphonefree(2016)</td><td>pixelrush/xphonefree/a/az</td><td>update.(Observable;Object;)V</td><td>20</td><td>8</td><td>40.0%</td></tr>
<tr><td>pixelrush.xphonefree(2016)</td><td>pixelrush/xphonefree/a/az</td><td>a.(IZZ)String;</td><td>39</td><td>9</td><td>23.07%</td></tr>
<tr><td>pixelrush.xphonefree(2016)</td><td>pixelrush/xphonefree/a/az</td><td>b.()V</td><td>2</td><td>1</td><td>50.0%</td></tr>
<tr><td>pixelrush.xphonefree(2016)</td><td>pixelrush/xphonefree/a/az</td><td>a.(Z)String;</td><td>6</td><td>4</td><td>66.66%</td></tr>
<tr><td>pixelrush.xphonefree(2016)</td><td>pixelrush/xphonefree/a/az</td><td>c.(Z)V</td><td>84</td><td>6</td><td>7.14%</td></tr>
<tr><td>pixelrush.xphonefree(2016)</td><td>pixelrush/xphonefree/a/az</td><td>a.(String;Z)Z</td><td>2</td><td>1</td><td>50.0%</td></tr>
<tr><td>pixelrush.xphonefree(2016)</td><td>pixelrush/xphonefree/a/az</td><td>b.(aa;)z;</td><td>8</td><td>1</td><td>12.5%</td></tr>
<tr><td>pixelrush.xphonefree(2016)</td><td>pixelrush/xphonefree/a/az</td><td>l.()Z</td><td>4</td><td>1</td><td>25.0%</td></tr>
<tr><td>pixelrush.xphonefree(2016)</td><td>pixelrush/xphonefree/a/az</td><td>a.(ZZ)V</td><td>6</td><td>1</td><td>16.66%</td></tr>
<tr><td>pixelrush.xphonefree(2016)</td><td>pixelrush/xphonefree/a/a</td><td>update.(Observable;Object;)V</td><td>20</td><td>11</td><td>55.0%</td></tr>
<tr><td>pixelrush.xphonefree(2016)</td><td>pixelrush/xphonefree/a/a</td><td>C.()V</td><td>12</td><td>4</td><td>33.33%</td></tr>
<tr><td>pixelrush.xphonefree(2016)</td><td>pixelrush/xphonefree/a/a</td><td>a.(SharedPreferences$Editor;)V</td><td>12</td><td>6</td><td>50.0%</td></tr>
<tr><td>pixelrush.xphonefree(2016)</td><td>pixelrush/xphonefree/a/a</td><td>D.()Z</td><td>26</td><td>6</td><td>23.07%</td></tr>
<tr><td>pixelrush.xphonefree(2016)</td><td>pixelrush/xphonefree/a/a</td><td>b.(Z)String;</td><td>2</td><td>2</td><td>100.0%</td></tr>
<tr><td>pixelrush.xphonefree(2016)</td><td>pixelrush/xphonefree/a/a</td><td>b.(String;)Z</td><td>4</td><td>2</td><td>50.0%</td></tr>
<tr><td>pixelrush.xphonefree(2016)</td><td>pixelrush/xphonefree/a/a</td><td>w.()Z</td><td>4</td><td>2</td><td>50.0%</td></tr>
<tr><td>pixelrush.xphonefree(2016)</td><td>pixelrush/xphonefree/a/a</td><td>x.()HashSet;</td><td>2</td><td>1</td><td>50.0%</td></tr>
<tr><td>pixelrush.xphonefree(2016)</td><td>pixelrush/xphonefree/a/a</td><td>a.(k;Z)V</td><td>8</td><td>4</td><td>50.0%</td></tr>
<tr><td>pixelrush.xphonefree(2016)</td><td>pixelrush/xphonefree/a/a</td><td>a.(j;Z)V</td><td>2</td><td>1</td><td>50.0%</td></tr>
<tr><td>pixelrush.xphonefree(2016)</td><td>pixelrush/xphonefree/a/a</td><td>e.()Z</td><td>14</td><td>6</td><td>42.85%</td></tr>
<tr><td>pixelrush.xphonefree(2016)</td><td>pixelrush/xphonefree/a/a</td><td>A.()V</td><td>10</td><td>3</td><td>30.0%</td></tr>
<tr><td>pixelrush.xphonefree(2016)</td><td>pixelrush/xphonefree/a/a</td><td>d.()ar;</td><td>2</td><td>1</td><td>50.0%</td></tr>
<tr><td>pixelrush.xphonefree(2016)</td><td>pixelrush/xphonefree/a/a</td><td>l.()Z</td><td>11</td><td>1</td><td>9.09%</td></tr>
<tr><td>pixelrush.xphonefree(2016)</td><td>pixelrush/xphonefree/a/a</td><td>a.(ZZ)V</td><td>4</td><td>1</td><td>25.0%</td></tr>
<tr><td>pixelrush.xphonefree(2016)</td><td>pixelrush/xphonefree/a/a</td><td>B.()V</td><td>26</td><td>8</td><td>30.76%</td></tr>
<tr><td>pixelrush.xphonefree(2016)</td><td>pixelrush/xphonefree/a/a</td><td>y.()Set;</td><td>13</td><td>2</td><td>15.38%</td></tr>
<tr><td>pixelrush.xphonefree(2016)</td><td>pixelrush/xphonefree/a/bn</td><td>j.()I</td><td>5</td><td>1</td><td>20.0%</td></tr>
<tr><td>pixelrush.xphonefree(2016)</td><td>pixelrush/xphonefree/a/bn</td><td>().()V</td><td>20</td><td>10</td><td>50.0%</td></tr>
<tr><td>pixelrush.xphonefree(2016)</td><td>pixelrush/xphonefree/a/bn</td><td>a.(Idr;)F</td><td>148</td><td>13</td><td>8.78%</td></tr>
<tr><td>pixelrush.xphonefree(2016)</td><td>pixelrush/xphonefree/a/bn</td><td>e.(bw;)bw;</td><td>10</td><td>5</td><td>50.0%</td></tr>
<tr><td>pixelrush.xphonefree(2016)</td><td>pixelrush/xphonefree/a/bn</td><td>a.(Idq;)V</td><td>10</td><td>6</td><td>60.0%</td></tr>
<tr><td>pixelrush.xphonefree(2016)</td><td>pixelrush/xphonefree/a/bn</td><td>a.(SharedPreferences$Editor;)V</td><td>10</td><td>10</td><td>100.0%</td></tr>
<tr><td>pixelrush.xphonefree(2016)</td><td>pixelrush/xphonefree/a/bn</td><td>k.()I</td><td>5</td><td>1</td><td>20.0%</td></tr>
<tr><td>pixelrush.xphonefree(2016)</td><td>pixelrush/xphonefree/a/bn</td><td>a.(SharedPreferences;)V</td><td>38</td><td>16</td><td>42.1%</td></tr>
<tr><td>pixelrush.xphonefree(2016)</td><td>pixelrush/xphonefree/a/bn</td><td>g.()Z</td><td>6</td><td>2</td><td>33.33%</td></tr>
<tr><td>pixelrush.xphonefree(2016)</td><td>pixelrush/xphonefree/a/bn</td><td>r.()J</td><td>6</td><td>1</td><td>16.66%</td></tr>
<tr><td>pixelrush.xphonefree(2016)</td><td>pixelrush/xphonefree/a/bn</td><td>a.(I)Z</td><td>6</td><td>5</td><td>83.33%</td></tr>
<tr><td>pixelrush.xphonefree(2016)</td><td>pixelrush/xphonefree/a/h</td><td>a.(Uri;)V</td><td>2</td><td>2</td><td>100.0%</td></tr>
<tr><td>pixelrush.xphonefree(2016)</td><td>pixelrush/xphonefree/a/bk</td><td>b.(I)V</td><td>2</td><td>1</td><td>50.0%</td></tr>
<tr><td>pixelrush.xphonefree(2016)</td><td>pixelrush/xphonefree/a/bk</td><td>a.(Z)V</td><td>10</td><td>3</td><td>30.0%</td></tr>
<tr><td>pixelrush.xphonefree(2016)</td><td>pixelrush/xphonefree/a/bk</td><td>b.(Z)V</td><td>8</td><td>2</td><td>25.0%</td></tr>
<tr><td>pixelrush.xphonefree(2016)</td><td>pixelrush/xphonefree/a/bj</td><td>b.(I)Z</td><td>2</td><td>1</td><td>50.0%</td></tr>
<tr><td>pixelrush.xphonefree(2016)</td><td>pixelrush/xphonefree/a/bj</td><td>a.(SharedPreferences$Editor;)V</td><td>10</td><td>2</td><td>20.0%</td></tr>
<tr><td>pixelrush.xphonefree(2016)</td><td>pixelrush/xphonefree/a/bj</td><td>d.()Z</td><td>28</td><td>1</td><td>3.57%</td></tr>
<tr><td>pixelrush.xphonefree(2016)</td><td>b/b/a/a/a/a/a</td><td>().()V</td><td>2</td><td>1</td><td>50.0%</td></tr>
<tr><td>pixelrush.xphonefree(2016)</td><td>b/b/a/a/a/a/a</td><td>a.([BI[BI[B)I</td><td>4</td><td>3</td><td>75.0%</td></tr>
<tr><td>pixelrush.xphonefree(2016)</td><td>b/b/a/a/a/a/a</td><td>a.([BII[B)[B</td><td>30</td><td>16</td><td>53.33%</td></tr>
<tr><td>pixelrush.xphonefree(2016)</td><td>pixelrush/xphonefree/a/bi</td><td>a.(Uri;)V</td><td>4</td><td>3</td><td>75.0%</td></tr>
<tr><td>ch.usi.dag.android.example(1917)</td><td>ch/usi/dag/android/example/Client</td><td>onSend.(View;)V</td><td>2</td><td>2</td><td>100.0%</td></tr>
